<?xml version="1.0" encoding="UTF-8"?>
<testsuite name="ru.stqa.pft.rest.addressbook.tests.ContactCreationTests" tests="2" skipped="2" failures="0" errors="0" timestamp="2018-09-09T12:33:45" hostname="LAPTOP-VA26MCEB" time="0.001">
  <properties/>
  <testcase name="testAddNewContact" classname="ru.stqa.pft.rest.addressbook.tests.ContactCreationTests" time="0.0">
    <skipped/>
  </testcase>
  <testcase name="testAddNewContact" classname="ru.stqa.pft.rest.addressbook.tests.ContactCreationTests" time="0.0">
    <skipped/>
  </testcase>
  <system-out><![CDATA[]]></system-out>
  <system-err><![CDATA[]]></system-err>
</testsuite>
